0
2
4
6
8
10
12
14
16
18
20
22
1
24
3
26
5
28
30
7
32
34
9
36
38
40
11
42
44
13
46
15
17
48
19
21
50
23
25
52
27
29
54
31
56
33
35
58
37
39
60
41
43
62
45
47
64
49
66
68
51
70
53
72
55
74
57
76
78
59
61
80
63
82
65
84
67
86
69
88
71
90
73
92
75
94
77
96
79
81
98
83
85
100
87
89
102
91
93
104
95
97
106
99
108
101
110
103
112
105
114
107
116
109
118
111
120
113
122
115
124
117
126
119
128
121
130
132
123
134
125
136
127
138
140
129
142
144
131
146
148
133
150
135
152
154
137
156
139
158
141
160
143
162
145
164
147
166
149
168
151
170
153
172
155
174
157
176
159
178
161
180
163
182
165
184
167
186
188
169
171
190
173
192
175
194
177
196
179
198
181
200
183
202
185
204
187
189
206
191
193
208
195
210
197
212
199
214
201
216
203
218
205
220
207
222
209
224
211
226
213
228
215
230
217
232
219
221
234
223
236
225
238
227
240
229
242
231
244
233
246
235
248
237
250
239
252
241
254
243
256
258
245
260
247
262
249
264
251
266
253
268
255
270
272
257
259
274
261
276
263
278
280
265
282
267
284
269
286
271
288
290
273
292
275
294
277
296
279
298
281
300
283
302
304
285
306
308
287
310
289
291
312
293
314
295
316
297
318
299
320
301
322
303
324
305
326
307
328
309
330
311
332
313
334
315
336
317
338
319
340
321
342
323
344
325
346
327
329
348
331
350
333
352
335
354
337
356
339
358
341
360
343
362
345
364
347
366
349
368
351
353
370
355
372
357
374
359
361
376
363
378
365
367
380
369
371
382
373
384
375
377
386
388
379
390
392
381
394
383
396
398
385
400
387
402
389
404
391
406
393
408
395
410
397
412
399
401
414
403
416
405
418
407
420
409
422
411
424
413
426
415
428
417
430
419
432
421
434
423
436
425
438
427
440
442
444
446
429
448
431
450
433
452
435
454
437
439
456
441
443
445
458
447
460
449
462
451
464
453
466
455
468
457
470
459
472
461
474
463
476
465
478
467
480
469
482
471
484
473
486
475
488
477
490
479
492
481
494
483
496
485
498
487
500
489
491
493
495
502
497
504
499
506
501
508
503
510
505
512
507
514
516
518
520
522
524
509
526
511
528
513
530
515
532
517
534
519
536
521
538
523
540
525
542
527
544
529
546
531
548
533
535
550
537
552
539
554
541
556
543
558
545
560
547
562
549
564
551
566
553
568
555
570
557
572
559
574
561
576
563
578
580
565
582
567
584
569
586
571
573
588
575
590
577
592
579
594
581
596
583
598
585
600
587
602
589
604
591
606
593
608
595
610
597
612
599
614
601
616
603
618
605
620
607
622
609
624
611
626
613
628
615
630
617
632
634
619
636
638
640
621
642
623
644
625
646
627
648
629
631
650
633
652
635
654
656
637
658
660
639
662
664
641
666
643
668
645
670
647
672
649
674
676
651
678
653
655
680
657
682
659
684
661
686
663
688
665
690
667
692
669
694
671
696
673
698
675
700
677
702
679
704
681
706
683
708
710
685
687
712
689
714
691
716
693
718
695
720
697
722
699
724
701
726
703
728
705
730
707
732
709
734
711
736
713
738
715
740
717
742
719
744
721
746
723
748
725
750
727
752
729
754
731
756
758
733
760
735
762
737
764
739
766
741
768
743
770
745
772
747
774
749
776
751
778
753
755
757
759
761
763
765
767
769
771
780
773
775
782
777
784
779
786
781
788
783
790
785
792
787
794
789
796
791
798
793
800
795
802
797
804
799
806
801
808
803
810
805
812
807
814
809
816
818
811
820
813
822
815
824
817
826
819
828
821
830
823
832
825
834
827
836
829
838
831
840
833
842
835
844
837
846
839
848
841
850
843
852
845
854
847
856
849
858
851
860
853
862
855
864
857
866
859
868
861
870
863
872
865
874
867
876
878
869
871
880
873
875
877
882
879
884
881
886
888
883
890
885
887
892
889
894
891
896
893
898
895
900
902
897
904
899
906
901
908
903
910
905
912
907
914
909
916
911
918
913
920
915
917
922
919
924
921
926
923
928
925
930
927
932
929
934
931
936
933
938
935
940
937
942
939
944
941
946
943
948
945
950
947
952
949
954
951
956
953
958
955
960
957
962
959
964
961
966
963
968
965
970
967
972
969
974
971
976
973
978
975
980
977
982
979
984
981
986
983
988
985
990
987
992
989
994
991
996
993
998
995
1000
997
1002
999
1004
1001
1006
1003
1008
1005
1010
1007
1012
1009
1014
1011
1016
1013
1018
1015
1020
1017
1022
1019
1024
1021
1026
1023
1028
1025
1030
1027
1032
1029
1034
1031
1036
1033
1038
1035
1040
1037
1039
1042
1041
1044
1043
1046
1048
1045
1050
1047
1052
1054
1049
1056
1051
1058
1053
1060
1055
1062
1057
1064
1059
1066
1061
1068
1063
1070
1065
1072
1074
1067
1076
1069
1078
1071
1080
1073
1082
1075
1084
1077
1086
1079
1088
1081
1090
1083
1092
1085
1094
1087
1096
1089
1098
1091
1100
1093
1102
1095
1104
1097
1106
1099
1108
1101
1110
1103
1112
1105
1114
1107
1116
1109
1118
1111
1120
1113
1122
1124
1115
1126
1128
1130
1117
1132
1119
1134
1121
1136
1123
1138
1125
1140
1127
1142
1129
1144
1131
1146
1133
1148
1135
1150
1137
1139
1141
1152
1143
1145
1147
1154
1149
1156
1151
1158
1153
1160
1155
1162
1157
1164
1159
1166
1161
1168
1163
1170
1165
1172
1167
1174
1169
1176
1171
1178
1173
1180
1175
1182
1177
1184
1179
1186
1181
1188
1183
1190
1185
1192
1187
1194
1189
1196
1191
1198
1193
1200
1195
1202
1197
1204
1199
1206
1201
1208
1203
1210
1205
1212
1207
1214
1209
1216
1211
1218
1213
1220
1215
1222
1217
1224
1219
1226
1221
1228
1223
1230
1225
1232
1227
1234
1229
1236
1231
1238
1233
1240
1235
1242
1237
1244
1239
1246
1241
1248
1243
1250
1245
1252
1247
1254
1249
1256
1251
1258
1253
1260
1255
1262
1257
1264
1259
1266
1261
1268
1263
1270
1265
1272
1267
1274
1269
1276
1278
1280
1271
1282
1273
1284
1275
1286
1277
1288
1279
1290
1281
1292
1283
1294
1285
1296
1287
1298
1289
1300
1291
1302
1293
1304
1295
1306
1297
1308
1299
1310
1301
1312
1303
1314
1305
1316
1307
1318
1309
1320
1311
1322
1313
1324
1315
1326
1317
1328
1319
1330
1321
1332
1323
1334
1325
1336
1327
1338
1329
1340
1331
1342
1333
1344
1335
1346
1337
1348
1339
1350
1341
1352
1343
1354
1345
1356
1347
1358
1349
1360
1351
1362
1353
1364
1355
1366
1357
1368
1359
1370
1361
1372
1363
1374
1365
1376
1367
1378
1369
1380
1371
1382
1373
1384
1375
1386
1377
1388
1379
1390
1381
1392
1383
1394
1385
1396
1387
1398
1389
1400
1391
1402
1393
1404
1395
1406
1397
1408
1399
1410
1401
1412
1403
1414
1405
1416
1407
1418
1409
1420
1411
1413
1415
1422
1417
1424
1419
1426
1428
1421
1430
1423
1432
1425
1434
1427
1436
1429
1438
1431
1440
1433
1442
1435
1444
1437
1446
1439
1448
1441
1450
1452
1454
1443
1456
1445
1458
1447
1460
1449
1451
1462
1453
1464
1455
1466
1457
1468
1459
1470
1472
1461
1474
1476
1463
1478
1465
1480
1467
1482
1469
1484
1471
1486
1473
1488
1475
1490
1477
1492
1479
1494
1481
1496
1483
1498
1485
1500
1487
1502
1489
1504
1491
1506
1508
1493
1510
1495
1512
1497
1514
1499
1516
1501
1518
1503
1520
1522
1524
1505
1526
1507
1509
1528
1511
1513
1530
1515
1532
1517
1534
1536
1538
1519
1540
1521
1542
1523
1544
1525
1546
1527
1529
1531
1533
1548
1535
1537
1550
1539
1552
1541
1554
1543
1556
1558
1560
1562
1564
1545
1566
1568
1570
1547
1572
1549
1574
1551
1576
1553
1578
1555
1580
1557
1582
1584
1559
1586
1561
1588
1563
1590
1565
1592
1567
1594
1569
1596
1571
1598
1573
1600
1575
1602
1577
1604
1579
1606
1581
1608
1583
1610
1585
1612
1587
1614
1589
1616
1591
1618
1593
1620
1595
1622
1597
1624
1599
1601
1603
1605
1607
1609
1626
1611
1628
1613
1630
1615
1632
1617
1634
1619
1636
1621
1638
1623
1640
1625
1642
1627
1644
1629
1646
1631
1648
1633
1650
1635
1652
1637
1654
1639
1656
1641
1658
1643
1660
1645
1662
1647
1664
1649
1666
1651
1668
1653
1670
1655
1672
1657
1674
1659
1676
1661
1678
1663
1680
1665
1682
1667
1684
1669
1686
1671
1688
1673
1690
1675
1692
1677
1694
1679
1681
1696
1683
1698
1685
1700
1687
1702
1689
1704
1691
1706
1693
1708
1695
1710
1697
1712
1699
1714
1701
1716
1703
1718
1705
1720
1707
1722
1724
1709
1726
1711
1728
1713
1730
1715
1732
1717
1734
1719
1736
1721
1738
1723
1740
1725
1742
1727
1744
1729
1746
1731
1748
1733
1750
1735
1752
1737
1754
1739
1756
1741
1758
1743
1760
1745
1762
1764
1747
1766
1768
1749
1770
1751
1772
1753
1774
1755
1776
1757
1778
1759
1780
1761
1782
1763
1784
1765
1786
1767
1788
1769
1790
1771
1773
1775
1792
1777
1794
1779
1796
1781
1798
1783
1800
1785
1802
1787
1804
1789
1791
1806
1793
1808
1810
1795
1812
1797
1814
1799
1816
1801
1818
1803
1820
1805
1822
1807
1824
1809
1826
1811
1828
1813
1830
1815
1832
1817
1834
1819
1836
1821
1838
1823
1840
1825
1842
1827
1844
1829
1846
1831
1848
1833
1850
1852
1835
1854
1837
1856
1839
1858
1841
1860
1843
1862
1845
1864
1847
1866
1849
1868
1851
1870
1853
1872
1855
1874
1857
1876
1859
1878
1861
1880
1863
1882
1865
1884
1867
1886
1869
1888
1871
1890
1873
1892
1875
1894
1877
1896
1898
1900
1879
1902
1881
1904
1883
1906
1885
1908
1887
1910
1912
1889
1914
1891
1916
1893
1918
1895
1920
1897
1922
1899
1924
1901
1926
1903
1928
1905
1930
1907
1932
1909
1934
1911
1936
1913
1938
1915
1940
1917
1942
1919
1944
1921
1946
1923
1948
1925
1950
1927
1952
1929
1954
1931
1956
1933
1958
1935
1960
1937
1962
1939
1964
1941
1966
1943
1968
1945
1970
1947
1972
1949
1974
1951
1976
1953
1978
1955
1980
1957
1982
1959
1984
1961
1986
1963
1988
1965
1990
1967
1992
1969
1994
1971
1996
1973
1998
1975
2000
1977
2002
1979
2004
1981
2006
1983
2008
1985
2010
1987
2012
1989
2014
1991
2016
1993
2018
1995
2020
1997
2022
1999
2024
2001
2026
2003
2028
2005
2030
2007
2032
2009
2034
2011
2036
2013
2038
2015
2040
2017
2042
2019
2044
2021
2046
2023
2048
2025
2050
2027
2052
2029
2054
2031
2056
2033
2058
2035
2060
2037
2062
2039
2041
2064
2043
2066
2068
2045
2070
2047
2049
2072
2051
2074
2053
2076
2055
2057
2078
2059
2080
2061
2082
2063
2084
2065
2086
2067
2088
2069
2090
2071
2092
2073
2094
2075
2096
2077
2098
2079
2100
2081
2102
2083
2104
2085
2106
2087
2108
2089
2110
2091
2112
2093
2114
2095
2116
2097
2118
2099
2120
2101
2122
2103
2124
2105
2126
2107
2128
2109
2130
2111
2132
2113
2134
2115
2136
2117
2138
2119
2140
2121
2142
2123
2144
2125
2146
2127
2148
2129
2150
2131
2152
2133
2154
2135
2156
2137
2158
2139
2160
2141
2162
2143
2164
2145
2166
2147
2168
2149
2170
2151
2172
2153
2174
2155
2176
2157
2178
2159
2180
2161
2182
2163
2184
2165
2186
2167
2188
2169
2190
2171
2192
2173
2194
2175
2196
2177
2198
2179
2200
2181
2202
2183
2204
2185
2206
2187
2208
2189
2210
2191
2212
2193
2214
2195
2216
2197
2218
2199
2220
2201
2222
2203
2224
2205
2226
2207
2228
2209
2230
2211
2232
2213
2234
2215
2236
2217
2238
2219
2240
2221
2242
2223
2225
2227
2229
2231
2233
2244
2235
2246
2248
2237
2250
2239
2252
2241
2254
2243
2256
2245
2258
2247
2260
2249
2262
2251
2264
2253
2266
2255
2268
2257
2270
2259
2272
2261
2274
2263
2265
2276
2267
2278
2280
2269
2282
2271
2273
2284
2275
2286
2277
2288
2279
2290
2281
2292
2283
2294
2285
2296
2287
2298
2289
2300
2291
2302
2293
2304
2295
2306
2297
2308
2299
2310
2301
2312
2303
2314
2305
2316
2307
2318
2309
2320
2311
2322
2313
2324
2315
2326
2317
2328
2319
2330
2321
2332
2323
2334
2325
2336
2327
2338
2329
2340
2331
2342
2333
2344
2335
2346
2337
2348
2339
2350
2341
2352
2343
2354
2345
2356
2347
2358
2349
2360
2351
2362
2353
2364
2355
2366
2357
2368
2359
2370
2361
2372
2363
2374
2365
2376
2367
2378
2369
2380
2371
2382
2373
2384
2375
2386
2388
2377
2379
2390
2381
2392
2383
2394
2385
2396
2387
2398
2389
2400
2391
2402
2393
2404
2395
2406
2397
2408
2399
2410
2401
2412
2403
2414
2405
2416
2407
2418
2409
2420
2411
2422
2413
2424
2415
2417
2426
2419
2428
2421
2430
2423
2432
2425
2434
2427
2436
2429
2438
2431
2440
2433
2442
2435
2444
2437
2446
2439
2448
2441
2450
2443
2452
2445
2454
2447
2456
2449
2451
2458
2453
2460
2455
2462
2457
2464
2459
2466
2461
2468
2463
2470
2465
2472
2467
2474
2469
2476
2471
2478
2473
2480
2475
2477
2479
2481
2483
2482
2485
2484
2487
2486
2488
2489
2490
2491
2492
2493
2494
2495
2496
2497
2498
2499
2500
2501
2502
2503
2504
2505
2506
2507
2508
2509
2510
2511
2512
2513
2514
2515
2516
2517
2518
2519
2520
2521
2522
2523
2524
2525
2526
2527
2528
2529
2530
2531
2532
2533
2534
2535
2536
2537
2538
2539
2540
2541
2543
2542
2545
2544
2547
2546
2549
2548
2551
2550
2553
2552
2555
2554
2557
2556
2559
2558
2561
2560
2563
2562
2565
2564
2567
2566
2569
2568
2571
2570
2573
2572
2575
2574
2577
2576
2579
2581
2583
2585
2587
2578
2589
2580
2591
2582
2593
2584
2595
2586
2597
2588
2599
2590
2601
2592
2603
2594
2605
2596
2607
2598
2609
2600
2611
2602
2613
2604
2615
2606
2617
2608
2619
2610
2621
2612
2623
2614
2625
2616
2627
2618
2629
2620
2631
2622
2633
2624
2635
2626
2637
2628
2639
2630
2641
2632
2643
2634
2645
2636
2647
2638
2649
2640
2651
2642
2653
2644
2655
2646
2657
2648
2659
2650
2661
2652
2663
2654
2665
2667
2656
2669
2658
2671
2660
2662
2664
2673
2666
2675
2668
2677
2670
2679
2672
2681
2674
2683
2676
2685
2678
2687
2680
2689
2682
2691
2693
2684
2686
2695
2688
2697
2699
2701
2690
2703
2692
2705
2694
2696
2707
2698
2709
2700
2711
2702
2713
2704
2715
2706
2717
2719
2708
2721
2710
2723
2712
2725
2714
2716
2727
2718
2729
2720
2731
2722
2733
2724
2735
2726
2737
2728
2739
2730
2741
2732
2743
2734
2745
2736
2747
2738
2749
2740
2751
2742
2753
2744
2755
2746
2757
2748
2759
2750
2761
2752
2763
2754
2765
2756
2767
2758
2769
2760
2771
2762
2773
2764
2775
2777
2779
2766
2781
2768
2783
2770
2785
2772
2787
2774
2789
2776
2791
2778
2793
2780
2795
2782
2797
2784
2799
2786
2801
2788
2803
2790
2805
2792
2807
2794
2809
2796
2798
2811
2800
2813
2802
2804
2815
2806
2817
2808
2819
2810
2821
2812
2823
2814
2825
2816
2827
2818
2829
2820
2831
2822
2833
2824
2835
2826
2837
2828
2839
2830
2841
2832
2843
2834
2845
2836
2847
2838
2849
2840
2851
2842
2853
2844
2855
2846
2857
2848
2850
2859
2852
2861
2854
2863
2856
2865
2858
2867
2860
2869
2862
2871
2864
2873
2866
2875
2868
2877
2870
2879
2872
2881
2874
2883
2876
2885
2878
2887
2880
2889
2882
2891
2884
2886
2888
2890
2893
2892
2895
2894
2897
2896
2899
2898
2901
2900
2903
2902
2905
2904
2907
2906
2909
2908
2911
2910
2913
2912
2915
2914
2917
2916
2918
2920
2919
2922
2924
2921
2926
2923
2928
2925
2930
2927
2932
2929
2934
2931
2936
2933
2938
2935
2940
2937
2942
2939
2944
2941
2946
2943
2948
2950
2945
2952
2947
2954
2949
2956
2951
2958
2953
2960
2955
2962
2957
2964
2959
2966
2961
2968
2963
2970
2965
2972
2967
2974
2969
2976
2971
2978
2973
2980
2975
2982
2977
2984
2979
2986
2988
2981
2990
2983
2992
2985
2994
2987
2996
2989
2998
2991
3000
2993
3002
2995
3004
2997
3006
2999
3008
3001
3010
3003
3012
3005
3014
3007
3016
3009
3018
3011
3020
3013
3022
3015
3024
3017
3026
3019
3028
3021
3030
3023
3032
3025
3034
3027
3036
3038
3029
3040
3031
3033
3042
3035
3044
3037
3046
3039
3048
3041
3043
3050
3045
3052
3047
3054
3049
3056
3051
3058
3053
3060
3055
3062
3057
3064
3059
3066
3061
3068
3063
3070
3065
3072
3067
3074
3069
3071
3076
3073
3078
3075
3080
3077
3082
3079
3084
3081
3086
3083
3088
3085
3090
3087
3092
3089
3094
3091
3096
3093
3098
3095
3100
3097
3102
3099
3104
3101
3106
3103
3108
3105
3110
3107
3112
3109
3114
3111
3116
3113
3118
3120
3115
3122
3117
3124
3119
3126
3121
3128
3123
3130
3125
3132
3127
3134
3129
3136
3131
3138
3133
3140
3135
3142
3137
3144
3139
3146
3141
3148
3143
3150
3145
3152
3147
3154
3149
3156
3151
3158
3153
3160
3155
3162
3157
3164
3159
3166
3161
3168
3163
3170
3165
3172
3167
3174
3169
3176
3171
3178
3173
3180
3175
3182
3177
3184
3179
3186
3181
3188
3183
3190
3185
3192
3187
3194
3189
3196
3191
3198
3193
3200
3195
3202
3197
3204
3199
3206
3201
3208
3203
3210
3205
3212
3207
3214
3209
3216
3211
3218
3213
3220
3215
3222
3217
3224
3219
3226
3221
3223
3228
3225
3230
3227
3232
3229
3234
3231
3236
3233
3238
3235
3240
3237
3242
3239
3244
3241
3246
3243
3248
3245
3250
3247
3252
3249
3254
3251
3256
3253
3258
3255
3260
3257
3262
3259
3264
3261
3266
3268
3263
3270
3265
3267
3269
3271
3273
3272
3275
3274
3276
3277
3278
3279
3280
3281
3282
3283
3284
3286
3285
3288
3287
3290
3289
3292
3294
3291
3296
3293
3298
3295
3300
3297
3302
3299
3304
3301
3306
3303
3308
3305
3310
3307
3312
3309
3314
3311
3316
3313
3318
3315
3320
3317
3322
3324
3326
3319
3328
3321
3323
3325
3330
3327
3329
3332
3331
3334
3333
3335
3336
3337
3338
3339
3341
3340
3343
3342
3345
3347
3344
3349
3346
3351
3353
3348
3355
3350
3357
3359
3352
3361
3354
3363
3365
3356
3367
3358
3369
3360
3371
3362
3373
3364
3375
3366
3377
3379
3381
3368
3383
3370
3385
3372
3387
3389
3374
3391
3376
3393
3378
3395
3380
3397
3382
3399
3384
3401
3386
3403
3388
3405
3390
3407
3392
3409
3394
3411
3396
3413
3398
3415
3400
3402
3417
3404
3406
3419
3408
3410
3421
3412
3414
3423
3416
3418
3425
3420
3422
3427
3424
3426
3429
3428
3430
3431
3432
3434
3433
3436
3435
3438
3437
3439
3441
3440
3443
3445
3442
3447
3444
3449
3446
3451
3453
3448
3455
3450
3457
3452
3459
3454
3461
3463
3456
3465
3458
3460
3467
3462
3464
3469
3466
3471
3473
3468
3475
3477
3470
3479
3472
3481
3474
3483
3476
3478
3485
3480
3487
3482
3489
3484
3486
3491
3488
3493
3490
3495
3492
3497
3494
3499
3496
3501
3503
3505
3498
3507
3509
3500
3511
3513
3502
3515
3517
3504
3519
3506
3521
3508
3523
3510
3525
3512
3527
3514
3529
3516
3531
3518
3533
3520
3535
3522
3537
3524
3539
3526
3541
3528
3543
3545
3530
3547
3532
3549
3534
3551
3536
3553
3538
3555
3557
3540
3559
3542
3561
3544
3563
3546
3565
3548
3567
3550
3569
3552
3571
3554
3573
3556
3575
3558
3577
3560
3579
3581
3562
3583
3585
3587
3564
3589
3566
3591
3568
3593
3570
3595
3572
3597
3574
3599
3576
3601
3578
3603
3580
3605
3582
3607
3584
3609
3586
3611
3588
3613
3615
3590
3617
3592
3619
3594
3621
3596
3623
3598
3625
3600
3627
3602
3629
3604
3631
3606
3633
3608
3635
3610
3637
3612
3639
3614
3641
3616
3643
3618
3645
3620
3647
3622
3649
3624
3651
3626
3653
3628
3655
3630
3657
3632
3659
3634
3661
3636
3663
3638
3665
3640
3667
3642
3669
3644
3671
3646
3673
3648
3675
3650
3677
3652
3679
3654
3681
3656
3683
3658
3685
3660
3687
3662
3689
3664
3691
3666
3693
3668
3695
3670
3697
3672
3699
3674
3701
3676
3703
3678
3705
3680
3707
3682
3709
3684
3711
3686
3713
3688
3715
3690
3717
3692
3719
3694
3721
3696
3723
3698
3725
3700
3727
3702
3729
3704
3731
3706
3733
3708
3735
3710
3737
3712
3739
3714
3741
3716
3743
3718
3745
3720
3747
3722
3749
3724
3751
3726
3753
3728
3755
3730
3757
3759
3761
3763
3765
3767
3769
3771
3773
3732
3775
3734
3777
3736
3779
3738
3781
3740
3783
3742
3785
3744
3787
3746
3789
3791
3748
3793
3750
3795
3752
3754
3797
3756
3799
3758
3801
3760
3803
3762
3805
3764
3807
3766
3809
3768
3811
3770
3813
3772
3815
3774
3817
3776
3819
3778
3821
3780
3823
3782
3825
3784
3827
3786
3829
3788
3831
3790
3833
3792
3835
3794
3837
3796
3839
3798
3841
3800
3843
3802
3845
3804
3847
3806
3849
3808
3851
3810
3853
3812
3855
3814
3857
3816
3859
3818
3861
3820
3863
3822
3865
3824
3867
3826
3869
3828
3871
3830
3873
3832
3875
3834
3877
3836
3879
3838
3881
3840
3883
3842
3885
3844
3846
3848
3887
3850
3852
3889
3854
3891
3856
3893
3858
3895
3860
3897
3862
3899
3864
3901
3866
3903
3868
3905
3870
3907
3872
3909
3874
3911
3876
3913
3878
3915
3880
3917
3882
3919
3884
3921
3886
3923
3888
3925
3890
3927
3892
3929
3894
3931
3896
3898
3900
3902
3904
3933
3906
3935
3908
3937
3910
3939
3912
3941
3914
3943
3916
3945
3918
3920
3922
3947
3924
3949
3926
3951
3928
3953
3930
3955
3932
3957
3934
3959
3936
3961
3938
3963
3940
3942
3965
3944
3967
3946
3969
3948
3971
3950
3973
3952
3975
3954
3977
3956
3979
3958
3981
3960
3983
3962
3985
3964
3987
3966
3989
3968
3991
3970
3993
3972
3995
3974
3997
3976
3999
3978
4001
3980
4003
3982
4005
3984
4007
3986
4009
3988
4011
3990
4013
3992
4015
3994
4017
3996
4019
3998
4021
4000
4023
4002
4025
4004
4027
4006
4029
4008
4031
4010
4033
4012
4035
4014
4037
4016
4039
4018
4041
4020
4043
4022
4045
4024
4047
4026
4049
4028
4051
4030
4053
4032
4055
4034
4057
4036
4059
4038
4061
4040
4063
4042
4044
4046
4065
4048
4067
4050
4069
4052
4071
4073
4054
4075
4056
4077
4058
4079
4060
4081
4062
4083
4085
4087
4064
4089
4066
4091
4068
4093
4070
4095
4072
4097
4074
4099
4076
4101
4078
4103
4080
4105
4082
4107
4084
4109
4086
4111
4088
4113
4090
4115
4092
4117
4094
4119
4096
4121
4098
4123
4100
4102
4104
4125
4106
4127
4108
4129
4110
4112
4131
4114
4133
4116
4135
4118
4120
4137
4122
4139
4124
4141
4126
4128
4130
4132
4143
4134
4145
4136
4147
4138
4140
4149
4142
4144
4151
4146
4153
4148
4155
4150
4157
4152
4159
4154
4161
4156
4163
4158
4165
4160
4167
4162
4169
4164
4171
4166
4173
4168
4175
4170
4177
4172
4179
4174
4181
4176
4183
4178
4185
4180
4187
4182
4189
4184
4191
4186
4193
4188
4195
4190
4197
4192
4199
4194
4201
4196
4203
4198
4205
4200
4207
4202
4209
4204
4211
4206
4213
4208
4215
4210
4217
4212
4219
4214
4216
4221
4218
4223
4220
4225
4222
4227
4224
4229
4226
4231
4228
4233
4230
4235
4232
4237
4234
4239
4236
4238
4241
4240
4243
4242
4245
4244
4247
4246
4249
4248
4251
4250
4253
4252
4255
4254
4257
4256
4259
4258
4261
4260
4263
4262
4265
4264
4267
4266
4269
4268
4271
4270
4273
4272
4275
4274
4277
4276
4279
4278
4281
4280
4283
4282
4285
4287
4284
4289
4286
4291
4288
4293
4290
4295
4292
4297
4294
4299
4296
4301
4298
4303
4300
4305
4302
4307
4304
4309
4306
4311
4308
4313
4310
4315
4312
4317
4314
4319
4316
4321
4318
4323
4320
4325
4322
4327
4324
4329
4326
4331
4328
4333
4330
4335
4332
4337
4334
4339
4336
4341
4338
4343
4340
4345
4342
4347
4344
4349
4346
4351
4348
4353
4350
4355
4352
4357
4354
4359
4356
4361
4358
4363
4360
4365
4362
4367
4364
4369
4366
4371
4368
4373
4370
4375
4372
4377
4374
4379
4376
4381
4378
4383
4380
4385
4382
4387
4384
4389
4386
4388
4391
4390
4393
4392
4395
4394
4397
4396
4399
4398
4401
4400
4403
4402
4405
4404
4407
4406
4409
4408
4411
4410
4413
4412
4415
4414
4417
4416
4419
4418
4421
4420
4423
4422
4425
4424
4427
4426
4429
4428
4431
4430
4433
4432
4435
4434
4437
4436
4439
4438
4441
4440
4443
4442
4445
4444
4447
4446
4449
4448
4451
4450
4453
4452
4455
4454
4457
4456
4459
4458
4461
4460
4463
4462
4465
4464
4467
4466
4469
4468
4471
4470
4473
4472
4475
4474
4476
4477
4478
4479
4480
4481
4482
4483
4484
4485
4486
4487
4488
4489
4490
4491
4492
4493
4494
4495
4496
4497
4498
4499
4500
4501
4502
4503
4504
4505
4506
4507
4508
4509
4510
4511
4512
4513
4514
4515
4516
4517
4518
4519
4520
4521
4522
4523
4524
4525
4526
4527
4528
4529
4530
4531
4532
4533
4534
4535
4536
4537
4538
4539
4540
4541
4542
4543
4545
4544
4547
4546
4549
4548
4551
4550
4553
4552
4555
4554
4557
4556
4559
4558
4560
4561
4562
4563
4564
4565
4566
4567
4568
4569
4570
4571
4572
4573
4574
4575
4576
4577
4578
4579
4580
4581
4582
4583
4584
4585
4586
4587
4588
4589
4590
4591
4592
4593
4594
4595
4596
4597
4598
4599
4600
4601
4602
4603
4604
4605
4607
4609
4611
4606
4613
4608
4615
4610
4617
4619
4612
4621
4614
4623
4616
4625
4627
4618
4629
4620
4631
4622
4633
4624
4635
4626
4637
4628
4639
4630
4641
4632
4643
4634
4645
4636
4647
4638
4649
4640
4651
4642
4653
4644
4655
4646
4657
4648
4659
4661
4650
4663
4652
4665
4654
4667
4656
4669
4658
4671
4660
4673
4662
4675
4664
4677
4666
4679
4668
4681
4670
4683
4672
4685
4674
4687
4676
4689
4678
4691
4680
4693
4682
4695
4684
4697
4686
4699
4688
4701
4690
4703
4692
4705
4694
4707
4696
4709
4698
4711
4700
4713
4702
4715
4704
4717
4706
4719
4708
4721
4710
4723
4712
4725
4714
4727
4716
4729
4718
4731
4720
4722
4733
4724
4735
4726
4737
4728
4739
4730
4741
4732
4743
4734
4745
4736
4738
4740
4747
4742
4744
4749
4746
4751
4748
4750
4753
4752
4755
4754
4757
4756
4759
4758
4761
4760
4763
4762
4765
4764
4767
4766
4769
4768
4771
4770
4773
4772
4775
4774
4777
4776
4779
4778
4781
4780
4783
4782
4785
4784
4787
4786
4789
4788
4791
4790
4793
4792
4795
4794
4797
4796
4799
4798
4801
4800
4803
4802
4805
4804
4807
4806
4809
4808
4811
4810
4813
4812
4815
4814
4816
4817
4818
4819
4820
4821
4822
4823
4824
4825
4826
4827
4828
4829
4830
4831
4832
4833
4834
4835
4836
4837
4838
4839
4840
4841
4842
4843
4844
4845
4846
4847
4848
4849
4850
4851
4852
4853
4854
4855
4856
4857
4858
4859
4860
4861
4862
4863
4864
4865
4866
4867
4868
4869
4870
4871
4872
4873
4874
4875
4876
4877
4878
4879
4880
4881
4882
4883
4884
4885
4886
4887
4888
4889
4890
4891
4892
4893
4894
4895
4896
4897
4898
4899
4900
4901
4902
4904
4903
4906
4905
4908
4907
4910
4909
4912
4911
4914
4913
4916
4915
4918
4917
4920
4919
4922
4921
4924
4923
4926
4925
4928
4927
4930
4929
4932
4931
4934
4933
4936
4935
4938
4937
4940
4939
4942
4941
4944
4943
4946
4945
4948
4947
4950
4949
4952
4951
4954
4953
4956
4955
4958
4957
4960
4959
4962
4961
4964
4963
4966
4968
4970
4965
4972
4967
4974
4969
4976
4971
4978
4973
4980
4975
4982
4977
4984
4979
4986
4981
4988
4983
4990
4985
4987
4992
4994
4989
4996
4991
4998
4993
5000
4995
5002
4997
5004
4999
5006
5001
5008
5003
5010
5005
5012
5007
5014
5009
5016
5011
5018
5013
5020
5015
5022
5017
5024
5019
5026
5021
5028
5023
5030
5025
5032
5027
5034
5029
5036
5031
5038
5033
5040
5042
5035
5037
5044
5039
5041
5043
5046
5045
5048
5047
5050
5049
5052
5051
5054
5053
5056
5055
5058
5057
5060
5059
5062
5061
5064
5063
5066
5065
5068
5067
5070
5069
5072
5071
5074
5076
5073
5078
5075
5080
5077
5082
5079
5084
5081
5086
5083
5088
5085
5090
5087
5092
5089
5094
5091
5096
5093
5098
5095
5100
5097
5102
5099
5104
5101
5106
5103
5108
5105
5110
5107
5112
5109
5114
5111
5116
5113
5118
5115
5120
5117
5122
5119
5121
5124
5123
5126
5125
5128
5127
5130
5129
5132
5131
5134
5133
5136
5135
5138
5137
5140
5139
5142
5141
5144
5143
5146
5145
5148
5147
5150
5149
5152
5151
5154
5153
5156
5155
5158
5157
5160
5159
5162
5161
5164
5166
5168
5163
5170
5165
5172
5167
5174
5169
5176
5171
5178
5173
5180
5175
5182
5177
5184
5179
5186
5181
5188
5183
5190
5185
5192
5187
5194
5189
5196
5191
5198
5193
5200
5195
5202
5197
5204
5199
5206
5201
5208
5203
5210
5205
5212
5207
5214
5209
5216
5211
5218
5213
5220
5215
5222
5217
5224
5219
5226
5221
5228
5223
5230
5225
5232
5227
5234
5229
5236
5231
5238
5233
5240
5235
5242
5237
5244
5246
5239
5241
5248
5243
5250
5245
5252
5247
5254
5249
5256
5251
5258
5253
5260
5255
5262
5257
5264
5259
5261
5263
5265
5266
5267
5268
5269
5270
5271
5272
5273
5274
5275
5276
5277
5278
5279
5280
5281
5282
5283
5284
5285
5286
5287
5288
5289
5290
5291
5292
5293
5294
5295
5296
5297
5298
5299
5300
5301
5302
5303
5304
5305
5306
5307
5308
5309
5310
5311
5312
5313
5314
5315
5316
5317
5318
5319
5320
5321
5322
5324
5323
5326
5325
5328
5327
5330
5329
5332
5331
5334
5333
5336
5335
5338
5337
5340
5339
5342
5341
5344
5343
5346
5345
5348
5347
5350
5349
5352
5351
5354
5353
5356
5355
5358
5357
5360
5359
5362
5361
5364
5363
5366
5365
5368
5367
5370
5369
5372
5371
5374
5373
5376
5375
5378
5377
5380
5379
5382
5381
5384
5383
5386
5385
5388
5387
5390
5389
5392
5391
5394
5393
5396
5395
5398
5397
5400
5399
5402
5401
5404
5403
5406
5405
5408
5407
5410
5409
5412
5411
5414
5413
5416
5415
5418
5417
5420
5419
5422
5421
5424
5423
5426
5425
5428
5427
5430
5429
5432
5431
5434
5433
5436
5435
5438
5437
5440
5439
5442
5441
5444
5443
5446
5445
5448
5447
5450
5449
5452
5451
5454
5453
5456
5455
5458
5457
5460
5459
5462
5461
5464
5463
5466
5465
5468
5467
5470
5469
5472
5471
5474
5473
5476
5475
5478
5477
5480
5479
5482
5481
5484
5483
5486
5485
5488
5487
5490
5489
5492
5491
5494
5496
5498
5500
5493
5502
5495
5504
5497
5506
5499
5508
5501
5510
5503
5512
5505
5514
5507
5516
5509
5518
5511
5520
5513
5522
5524
5515
5526
5517
5528
5519
5530
5521
5532
5523
5534
5525
5536
5527
5538
5529
5540
5531
5542
5533
5544
5535
5546
5537
5548
5550
5539
5552
5541
5554
5543
5556
5545
5558
5547
5560
5549
5562
5551
5564
5553
5566
5555
5568
5557
5570
5559
5572
5561
5574
5563
5576
5565
5578
5567
5580
5569
5582
5571
5584
5573
5586
5575
5588
5577
5590
5579
5592
5581
5594
5583
5596
5585
5598
5587
5600
5589
5602
5591
5604
5593
5606
5595
5608
5597
5610
5599
5612
5601
5614
5603
5616
5605
5618
5607
5620
5609
5622
5611
5624
5613
5626
5615
5628
5617
5630
5619
5632
5621
5634
5623
5636
5638
5625
5640
5642
5627
5644
5629
5646
5631
5648
5633
5635
5650
5637
5652
5639
5654
5641
5643
5656
5645
5658
5647
5660
5649
5662
5651
5664
5653
5666
5655
5668
5657
5670
5659
5672
5661
5663
5674
5665
5676
5667
5678
5669
5680
5682
5671
5684
5673
5686
5675
5688
5677
5690
5679
5692
5681
5694
5683
5696
5685
5698
5687
5700
5689
5702
5691
5704
5693
5706
5695
5708
5697
5710
5699
5712
5701
5714
5703
5716
5705
5718
5707
5720
5709
5722
5711
5724
5713
5726
5715
5728
5717
5730
5719
5732
5721
5734
5723
5736
5725
5738
5727
5740
5729
5742
5731
5744
5733
5746
5735
5748
5737
5750
5739
5752
5741
5754
5743
5756
5745
5758
5747
5760
5749
5762
5764
5751
5766
5753
5768
5770
5755
5772
5757
5774
5759
5776
5761
5778
5763
5780
5765
5782
5767
5784
5769
5786
5771
5788
5790
5773
5792
5775
5794
5777
5796
5779
5798
5781
5800
5783
5802
5785
5804
5787
5806
5789
5808
5791
5810
5793
5812
5795
5814
5797
5816
5799
5818
5801
5820
5803
5822
5805
5824
5807
5826
5809
5828
5811
5830
5813
5832
5815
5834
5817
5836
5819
5838
5821
5840
5823
5842
5825
5844
5827
5829
5846
5831
5848
5833
5850
5835
5852
5837
5854
5839
5856
5858
5841
5860
5843
5862
5845
5864
5847
5866
5849
5868
5851
5870
5853
5872
5855
5874
5857
5876
5859
5878
5861
5880
5863
5882
5865
5884
5867
5886
5869
5888
5871
5890
5873
5892
5875
5894
5877
5896
5879
5898
5881
5900
5883
5902
5885
5904
5887
5906
5889
5908
5891
5910
5893
5912
5895
5914
5897
5916
5899
5918
5901
5920
5903
5922
5905
5924
5907
5926
5909
5928
5911
5913
5930
5915
5917
5919
5932
5921
5934
5923
5936
5925
5938
5927
5940
5929
5942
5931
5944
5933
5946
5935
5948
5937
5950
5939
5952
5941
5954
5943
5956
5945
5958
5947
5960
5949
5962
5951
5964
5953
5966
5955
5968
5957
5970
5959
5972
5961
5974
5963
5965
5967
5969
5971
5976
5973
5975
5978
5977
5980
5982
5979
5984
5981
5986
5983
5988
5985
5990
5987
5992
5989
5994
5991
5996
5993
5998
5995
6000
5997
6002
5999
6004
6001
6006
6003
6008
6005
6010
6007
6012
6009
6014
6011
6016
6013
6018
6015
6020
6017
6022
6019
6024
6021
6026
6023
6028
6025
6030
6027
6032
6029
6034
6031
6036
6033
6038
6035
6040
6037
6042
6039
6044
6041
6046
6043
6048
6045
6050
6047
6052
6049
6054
6051
6056
6053
6058
6055
6060
6057
6062
6059
6064
6061
6066
6063
6068
6065
6070
6067
6072
6069
6074
6071
6076
6073
6078
6075
6080
6077
6082
6079
6084
6081
6086
6083
6088
6085
6090
6087
6092
6089
6094
6091
6096
6093
6098
6095
6100
6097
6102
6099
6104
6101
6106
6103
6108
6105
6110
6107
6112
6109
6114
6111
6116
6113
6118
6115
6120
6117
6122
6119
6124
6121
6126
6123
6128
6125
6130
6127
6132
6129
6134
6131
6136
6133
6138
6135
6140
6137
6142
6139
6144
6141
6146
6143
6145
6148
6147
6150
6149
6152
6151
6154
6153
6156
6155
6158
6157
6160
6159
6162
6161
6164
6163
6166
6165
6168
6167
6170
6169
6172
6171
6174
6173
6176
6175
6178
6177
6180
6179
6182
6181
6184
6183
6186
6185
6188
6187
6190
6189
6192
6191
6194
6193
6196
6195
6197
6198
6199
6200
6201
6202
6203
6204
6205
6206
6207
6208
6209
6210
6211
6212
6213
6214
6215
6216
6217
6218
6219
6220
6221
6222
6223
6224
6225
6226
6227
6228
6229
6230
6231
6232
6233
6234
6235
6236
6237
6238
6239
6240
6241
6242
6243
6244
6245
6246
6247
6248
6249
6250
6251
6252
6253
6254
6255
6256
6257
6258
6259
6260
6261
6262
6263
6264
6265
6266
6267
6268
6269
6270
6271
6272
6273
6274
6275
6276
6277
6278
6279
6280
6281
6282
6283
6284
6285
6286
6287
6288
6289
6291
6293
6290
6295
6292
6297
6294
6299
6296
6301
6298
6303
6300
6305
6302
6307
6304
6309
6306
6311
6308
6313
6310
6315
6312
6317
6314
6319
6316
6321
6318
6323
6320
6325
6322
6327
6324
6329
6326
6331
6328
6333
6330
6335
6332
6337
6334
6339
6336
6341
6338
6343
6340
6345
6342
6347
6344
6349
6346
6351
6348
6353
6350
6355
6352
6357
6354
6359
6356
6361
6358
6363
6360
6365
6362
6367
6364
6369
6366
6371
6368
6373
6370
6375
6372
6377
6374
6379
6376
6381
6378
6383
6380
6385
6382
6387
6384
6389
6386
6391
6388
6393
6390
6395
6392
6397
6394
6399
6396
6401
6398
6403
6400
6405
6402
6407
6404
6409
6406
6411
6408
6413
6410
6415
6412
6417
6414
6419
6416
6421
6418
6423
6420
6425
6422
6427
6424
6429
6426
6431
6428
6433
6430
6435
6432
6437
6434
6439
6436
6441
6438
6443
6440
6445
6442
6447
6444
6449
6446
6451
6448
6453
6450
6455
6452
6457
6454
6459
6456
6461
6458
6463
6460
6465
6462
6467
6464
6469
6466
6471
6468
6473
6470
6475
6472
6477
6474
6479
6476
6481
6478
6483
6480
6485
6482
6487
6484
6489
6486
6491
6488
6493
6490
6495
6492
6497
6494
6499
6496
6501
6498
6503
6500
6505
6502
6507
6504
6509
6506
6511
6508
6513
6510
6515
6512
6517
6514
6519
6516
6521
6518
6523
6520
6525
6522
6527
6524
6529
6526
6531
6528
6533
6530
6535
6532
6537
6534
6539
6536
6541
6538
6543
6540
6545
6542
6547
6544
6549
6546
6551
6548
6553
6550
6555
6552
6557
6554
6559
6556
6561
6558
6563
6560
6565
6562
6567
6564
6569
6566
6571
6568
6573
6570
6575
6572
6577
6574
6579
6576
6581
6578
6583
6580
6585
6582
6587
6584
6589
6586
6591
6593
6588
6595
6597
6590
6599
6601
6592
6603
6594
6605
6596
6607
6598
6609
6600
6611
6602
6613
6604
6615
6606
6617
6608
6619
6610
6621
6612
6623
6614
6625
6616
6627
6618
6629
6620
6631
6622
6633
6624
6635
6626
6637
6628
6639
6630
6641
6632
6643
6634
6645
6636
6647
6638
6649
6640
6651
6642
6653
6644
6655
6646
6657
6648
6659
6650
6661
6652
6654
6663
6656
6658
6665
6660
6667
6662
6669
6664
6671
6666
6673
6668
6675
6670
6677
6672
6679
6674
6681
6676
6683
6678
6680
6685
6682
6687
6684
6689
6686
6691
6688
6693
6690
6695
6692
6697
6694
6699
6696
6701
6698
6703
6700
6705
6702
6707
6704
6709
6706
6711
6708
6713
6710
6715
6712
6717
6714
6719
6716
6721
6718
6723
6720
6725
6722
6727
6724
6729
6726
6731
6728
6733
6730
6735
6732
6737
6734
6739
6736
6741
6738
6743
6740
6745
6742
6747
6744
6749
6746
6751
6748
6753
6750
6755
6752
6757
6754
6759
6756
6758
6761
6760
6763
6765
6762
6767
6764
6766
6769
6768
6771
6773
6770
6775
6772
6774
6777
6776
6779
6781
6778
6783
6780
6785
6782
6787
6784
6786
6788
6789
6790
6791
6792
6794
6793
6796
6795
6798
6797
6800
6799
6802
6801
6804
6803
6806
6805
6808
6807
6810
6809
6812
6811
6814
6813
6816
6815
6818
6817
6820
6819
6822
6821
6824
6823
6826
6825
6828
6827
6830
6829
6832
6831
6834
6833
6836
6835
6838
6837
6840
6839
6842
6841
6844
6843
6846
6845
6848
6847
6850
6849
6852
6851
6854
6853
6856
6855
6858
6857
6860
6859
6862
6861
6864
6863
6866
6865
6868
6867
6870
6869
6872
6871
6874
6873
6876
6875
6878
6877
6880
6879
6882
6881
6884
6883
6886
6885
6888
6887
6890
6889
6892
6891
6894
6893
6896
6895
6898
6897
6900
6899
6902
6901
6904
6903
6906
6905
6908
6907
6910
6909
6912
6911
6914
6913
6916
6915
6918
6917
6920
6919
6921
6922
6923
6925
6924
6927
6926
6928
6930
6929
6932
6931
6933
6934
6935
6936
6937
6938
6939
6940
6941
6942
6943
6944
6945
6946
6947
6948
6949
6950
6952
6951
6954
6953
6956
6955
6958
6957
6960
6959
6962
6961
6964
6963
6966
6965
6968
6967
6970
6969
6972
6971
6974
6973
6976
6975
6978
6977
6980
6979
6982
6981
6984
6983
6986
6985
6988
6987
6990
6989
6992
6991
6994
6993
6996
6995
6998
6997
7000
6999
7002
7001
7004
7003
7006
7005
7008
7007
7010
7009
7012
7011
7014
7013
7016
7015
7018
7017
7020
7019
7022
7021
7024
7023
7026
7025
7028
7027
7030
7029
7032
7031
7034
7033
7036
7035
7038
7037
7040
7039
7042
7041
7044
7043
7046
7045
7048
7047
7050
7049
7052
7051
7054
7053
7056
7055
7058
7057
7060
7059
7062
7061
7064
7063
7066
7065
7068
7067
7070
7069
7072
7071
7074
7073
7076
7075
7078
7077
7080
7079
7082
7081
7084
7083
7086
7085
7088
7087
7090
7089
7092
7091
7094
7093
7096
7095
7098
7097
7100
7099
7102
7101
7104
7103
7106
7105
7108
7107
7110
7109
7112
7111
7114
7113
7116
7115
7118
7117
7120
7119
7122
7121
7124
7123
7126
7125
7128
7127
7130
7129
7132
7131
7134
7133
7136
7135
7138
7137
7140
7139
7142
7141
7144
7143
7146
7145
7148
7147
7150
7149
7152
7151
7154
7153
7156
7155
7158
7157
7160
7159
7162
7161
7164
7163
7166
7165
7168
7167
7170
7172
7169
7174
7171
7176
7173
7178
7175
7180
7177
7182
7179
7184
7181
7186
7183
7188
7185
7190
7187
7192
7189
7194
7191
7196
7193
7198
7195
7200
7197
7202
7199
7204
7201
7206
7203
7208
7205
7210
7207
7212
7209
7214
7211
7216
7213
7218
7215
7220
7217
7222
7219
7224
7221
7226
7223
7228
7225
7230
7227
7232
7229
7234
7231
7236
7233
7238
7235
7240
7237
7242
7239
7244
7241
7246
7243
7248
7245
7250
7247
7252
7249
7254
7251
7253
7256
7255
7258
7257
7260
7259
7262
7261
7264
7263
7265
7266
7267
7268
7269
7270
7271
7272
7273
7274
7275
7276
7277
7278
7279
7280
7281
7282
7283
7284
7285
7286
7287
7288
7289
7290
7291
7292
7293
7294
7295
7296
7297
7298
7299
7300
7301
7302
7303
7304
7305
7306
7307
7308
7309
7310
7311
7312
7313
7314
7315
7316
7317
7318
7319
7320
7322
7321
7324
7323
7326
7325
7328
7327
7330
7329
7332
7331
7333
7335
7334
7337
7336
7339
7338
7341
7340
7343
7342
7345
7344
7347
7346
7349
7348
7351
7350
7353
7352
7355
7354
7357
7356
7359
7358
7361
7360
7363
7362
7365
7364
7367
7366
7369
7368
7371
7370
7373
7372
7375
7374
7376
7377
7378
7379
7381
7380
7383
7382
7385
7384
7387
7386
7389
7388
7391
7390
7393
7392
7395
7394
7397
7396
7399
7398
7401
7400
7403
7402
7405
7404
7407
7406
7409
7408
7411
7410
7413
7412
7415
7414
7417
7416
7419
7418
7421
7420
7423
7422
7425
7424
7427
7426
7429
7428
7431
7430
7433
7432
7435
7434
7437
7436
7439
7438
7441
7440
7443
7442
7445
7444
7447
7446
7449
7448
7451
7450
7453
7452
7455
7454
7457
7456
7459
7458
7461
7460
7463
7462
7465
7467
7469
7464
7471
7473
7475
7466
7477
7468
7479
7470
7481
7472
7483
7474
7485
7476
7487
7478
7489
7480
7491
7482
7493
7484
7495
7486
7497
7488
7499
7490
7501
7492
7503
7494
7505
7496
7507
7498
7509
7500
7511
7502
7504
7506
7513
7508
7515
7510
7517
7512
7514
7519
7516
7518
7520
7521
7522
7524
7523
7526
7525
7528
7530
7532
7527
7534
7529
7536
7531
7538
7533
7540
7535
7542
7537
7544
7539
7541
7543
7545
7547
7546
7549
7548
7551
7550
7553
7552
7555
7554
7557
7556
7559
7558
7561
7560
7563
7562
7565
7564
7567
7566
7569
7568
7571
7570
7573
7572
7575
7574
7577
7576
7579
7578
7581
7580
7583
7582
7585
7584
7587
7586
7589
7588
7591
7590
7593
7592
7595
7594
7597
7596
7599
7598
7601
7600
7603
7602
7605
7604
7607
7606
7609
7608
7611
7610
7613
7612
7615
7614
7617
7616
7619
7618
7621
7620
7623
7622
7625
7624
7627
7626
7629
7628
7631
7630
7633
7632
7635
7637
7639
7634
7641
7643
7636
7645
7638
7647
7640
7649
7642
7651
7644
7653
7646
7655
7648
7657
7650
7659
7652
7661
7654
7663
7656
7665
7658
7667
7660
7669
7662
7671
7664
7673
7666
7675
7668
7677
7670
7679
7672
7681
7674
7676
7678
7683
7680
7682
7685
7684
7687
7689
7686
7691
7688
7693
7695
7690
7697
7692
7699
7694
7701
7696
7703
7698
7705
7700
7707
7702
7709
7704
7711
7706
7713
7708
7715
7710
7717
7712
7714
7719
7716
7721
7718
7723
7720
7725
7722
7727
7724
7729
7726
7731
7728
7733
7730
7735
7732
7737
7734
7739
7736
7741
7738
7743
7740
7745
7742
7747
7744
7749
7746
7751
7748
7753
7750
7755
7752
7757
7754
7759
7756
7761
7758
7763
7760
7765
7762
7767
7764
7769
7766
7771
7768
7773
7770
7775
7772
7777
7774
7779
7776
7781
7778
7783
7780
7785
7782
7787
7784
7789
7786
7791
7788
7793
7790
7795
7792
7797
7794
7799
7796
7801
7798
7803
7800
7802
7805
7804
7807
7809
7806
7811
7808
7813
7810
7815
7812
7817
7814
7819
7816
7821
7818
7823
7820
7822
7825
7824
7827
7829
7831
7833
7826
7835
7837
7828
7839
7830
7841
7832
7843
7834
7845
7836
7847
7838
7849
7851
7840
7853
7842
7855
7844
7857
7846
7859
7848
7861
7850
7863
7852
7865
7854
7867
7856
7869
7858
7871
7860
7873
7862
7875
7864
7877
7866
7879
7868
7881
7870
7883
7872
7885
7874
7887
7876
7878
7889
7880
7891
7882
7893
7884
7895
7886
7897
7888
7899
7890
7901
7903
7892
7905
7894
7907
7896
7909
7898
7911
7900
7913
7902
7915
7904
7917
7906
7919
7908
7921
7910
7923
7912
7925
7914
7927
7916
7929
7918
7931
7920
7933
7922
7935
7924
7937
7926
7939
7928
7941
7930
7943
7932
7945
7934
7947
7936
7949
7938
7951
7940
7953
7942
7955
7944
7957
7946
7959
7948
7961
7950
7963
7952
7965
7954
7967
7956
7969
7958
7971
7960
7973
7962
7964
7975
7966
7977
7968
7979
7970
7981
7972
7983
7974
7985
7976
7987
7989
7978
7991
7993
7995
7980
7997
7999
7982
8001
7984
8003
7986
8005
7988
8007
7990
8009
7992
8011
7994
8013
7996
8015
7998
8017
8000
8019
8002
8021
8004
8023
8006
8025
8008
8027
8010
8029
8012
8031
8014
8033
8016
8035
8018
8037
8020
8039
8022
8041
8024
8043
8026
8045
8028
8047
8030
8049
8032
8051
8034
8053
8036
8055
8038
8057
8040
8059
8042
8044
8061
8046
8063
8048
8065
8067
8050
8069
8052
8071
8054
8073
8056
8075
8058
8077
8060
8079
8062
8081
8064
8083
8066
8085
8068
8087
8070
8089
8072
8091
8074
8093
8076
8095
8078
8097
8080
8099
8082
8101
8084
8103
8086
8105
8088
8107
8090
8109
8092
8111
8094
8113
8096
8115
8098
8117
8100
8119
8102
8121
8104
8123
8106
8125
8108
8127
8110
8129
8112
8131
8114
8133
8116
8135
8118
8137
8120
8139
8122
8141
8124
8143
8126
8145
8128
8147
8149
8151
8130
8153
8132
8155
8134
8157
8136
8159
8138
8161
8140
8163
8142
8165
8144
8167
8146
8169
8171
8148
8173
8150
8175
8152
8177
8154
8179
8156
8181
8158
8183
8160
8185
8162
8164
8166
8168
8170
8172
8174
8176
8178
8180
8182
8184
8187
8186
8189
8188
8191
8190
8192
8193
8195
8194
8197
8196
8199
8198
8201
8200
8203
8202
8205
8204
8207
8206
8209
8208
8211
8210
8213
8212
8215
8214
8217
8216
8219
8218
8221
8220
8223
8222
8225
8224
8227
8226
8229
8228
8231
8230
8233
8235
8237
8232
8239
8234
8241
8236
8238
8240
8242
8243
8244
8245
8246
8247
8248
8249
8250
8251
8252
8253
8254
8255
8256
8257
8258
8259
8260
8261
8262
8263
8264
8265
8266
8267
8268
8269
8270
8271
8272
8273
8274
8275
8276
8277
8278
8279
8280
8281
8282
8283
8284
8285
8286
8287
8288
8289
8290
8291
8292
8293
8294
8295
8296
8297
8298
8299
8300
8301
8302
8303
8304
8305
8306
8307
8308
8309
8310
8311
8312
8313
8314
8315
8316
8317
8318
8319
8321
8323
8320
8325
8322
8327
8324
8329
8326
8331
8328
8333
8330
8335
8332
8334
8337
8336
8339
8338
8341
8340
8343
8342
8345
8344
8347
8346
8349
8348
8351
8350
8353
8352
8355
8354
8357
8356
8359
8358
8361
8360
8363
8362
8365
8364
8367
8366
8369
8368
8371
8370
8373
8372
8375
8374
8377
8376
8379
8378
8381
8380
8383
8382
8385
8384
8387
8386
8389
8388
8391
8390
8393
8392
8395
8394
8397
8396
8399
8398
8401
8400
8403
8405
8402
8407
8404
8409
8406
8408
8410
8411
8412
8413
8414
8415
8416
8417
8418
8419
8420
8421
8422
8423
8424
8425
8426
8427
8428
8429
8430
8431
8432
8433
8434
8435
8436
8437
8438
8439
8440
8441
8442
8443
8444
8445
8446
8447
8448
8449
8450
8451
8452
8453
8454
8455
8456
8457
8458
8459
8460
8461
8462
8463
8464
8465
8466
8467
8468
8469
8470
8471
8472
8473
8474
8475
8476
8477
8478
8479
8480
8481
8482
8483
8484
8485
8486
8487
8488
8489
8490
8491
8492
8493
8494
8495
8496
8497
8498
8499
8500
8501
8502
8503
8504
8505
8506
8507
8508
8509
8510
8512
8511
8513
8514
8515
8517
8516
8519
8521
8518
8523
8520
8525
8527
8522
8529
8524
8526
8531
8528
8530
8533
8532
8534
8535
8536
8537
8538
8540
8539
8542
8541
8544
8543
8546
8545
8548
8547
8550
8549
8552
8551
8554
8553
8556
8555
8558
8557
8559
8560
8561
8562
8564
8566
8563
8568
8565
8570
8567
8572
8569
8571
8574
8576
8573
8578
8575
8580
8582
8577
8584
8579
8586
8581
8588
8583
8590
8585
8592
8587
8594
8589
8596
8591
8598
8593
8600
8595
8602
8597
8604
8599
8606
8601
8608
8603
8610
8605
8612
8607
8614
8609
8616
8611
8618
8613
8620
8615
8622
8617
8624
8619
8626
8621
8628
8623
8630
8625
8632
8627
8634
8629
8636
8631
8638
8633
8640
8635
8642
8637
8644
8639
8646
8641
8648
8643
8650
8645
8652
8647
8654
8649
8656
8651
8658
8653
8660
8655
8662
8657
8664
8659
8666
8661
8668
8663
8670
8665
8672
8667
8674
8669
8676
8671
8678
8673
8680
8675
8682
8677
8684
8686
8679
8688
8681
8683
8685
8690
8687
8692
8689
8694
8691
8696
8693
8698
8695
8700
8697
8702
8699
8704
8706
8701
8703
8708
8710
8705
8712
8707
8709
8714
8711
8716
8713
8718
8715
8720
8717
8722
8719
8724
8721
8726
8723
8728
8725
8730
8727
8732
8729
8734
8731
8736
8733
8738
8735
8740
8737
8742
8739
8744
8741
8746
8743
8748
8745
8750
8747
8752
8749
8754
8751
8756
8753
8758
8755
8760
8757
8762
8759
8764
8761
8766
8763
8768
8765
8770
8767
8772
8769
8774
8771
8776
8773
8778
8775
8780
8777
8782
8779
8784
8781
8786
8783
8788
8785
8790
8787
8792
8789
8794
8791
8796
8793
8798
8795
8800
8797
8802
8799
8804
8801
8806
8803
8808
8805
8810
8807
8812
8809
8814
8811
8816
8813
8818
8815
8820
8817
8822
8819
8824
8821
8826
8823
8828
8825
8830
8827
8832
8829
8834
8831
8836
8833
8838
8835
8840
8837
8842
8839
8844
8841
8846
8843
8848
8845
8850
8847
8852
8849
8854
8851
8856
8853
8858
8855
8860
8857
8862
8859
8864
8861
8866
8863
8868
8865
8870
8867
8872
8869
8874
8871
8876
8873
8878
8875
8880
8877
8882
8879
8884
8881
8886
8883
8888
8885
8890
8887
8892
8889
8894
8891
8896
8893
8898
8895
8900
8897
8902
8899
8904
8901
8906
8903
8908
8905
8910
8907
8912
8909
8914
8911
8916
8913
8918
8915
8920
8917
8922
8919
8924
8921
8926
8923
8928
8925
8930
8927
8932
8929
8934
8931
8936
8933
8938
8935
8940
8937
8942
8939
8944
8941
8946
8943
8948
8945
8950
8947
8952
8949
8954
8951
8956
8953
8958
8955
8960
8957
8962
8959
8964
8966
8961
8968
8963
8970
8965
8972
8967
8974
8969
8976
8971
8978
8973
8980
8975
8982
8977
8984
8979
8986
8981
8988
8983
8990
8985
8992
8987
8994
8989
8996
8991
8998
8993
9000
8995
9002
8997
9004
8999
9006
9001
9008
9003
9010
9005
9012
9007
9014
9009
9016
9011
9018
9013
9020
9015
9022
9017
9024
9019
9026
9021
9028
9023
9030
9025
9032
9027
9034
9029
9036
9031
9038
9033
9040
9035
9042
9037
9044
9039
9046
9041
9048
9043
9050
9045
9052
9047
9054
9049
9056
9051
9058
9053
9060
9055
9062
9057
9064
9066
9068
9059
9070
9061
9072
9063
9074
9065
9076
9067
9078
9069
9080
9071
9082
9073
9084
9075
9086
9077
9088
9079
9090
9081
9092
9083
9094
9096
9085
9098
9087
9100
9089
9102
9091
9104
9093
9106
9095
9108
9097
9110
9099
9112
9101
9114
9103
9116
9105
9118
9107
9120
9109
9122
9111
9124
9113
9115
9117
9119
9121
9123
9125
9127
9129
9131
9133
9135
9137
9139
9141
9143
9126
9145
9128
9147
9130
9149
9132
9151
9134
9153
9136
9155
9138
9157
9140
9159
9142
9144
9161
9146
9148
9163
9150
9152
9165
9154
9156
9167
9158
9160
9169
9162
9171
9164
9173
9166
9175
9168
9177
9170
9179
9172
9181
9174
9183
9176
9178
9185
9180
9187
9182
9189
9184
9191
9186
9193
9188
9195
9190
9197
9192
9199
9194
9201
9196
9203
9198
9205
9200
9207
9202
9209
9204
9211
9206
9213
9208
9215
9210
9217
9212
9219
9214
9216
9221
9218
9223
9220
9225
9222
9227
9224
9229
9226
9231
9228
9233
9230
9235
9232
9237
9234
9239
9236
9241
9238
9243
9240
9245
9242
9247
9244
9249
9246
9251
9248
9253
9250
9255
9252
9257
9259
9261
9254
9263
9256
9258
9265
9260
9267
9262
9269
9264
9271
9266
9273
9268
9275
9270
9277
9272
9279
9274
9281
9276
9283
9278
9285
9280
9287
9282
9289
9284
9291
9286
9293
9288
9295
9297
9290
9299
9301
9292
9303
9294
9305
9296
9307
9298
9309
9300
9311
9302
9313
9304
9315
9306
9317
9308
9319
9310
9321
9312
9323
9314
9325
9316
9327
9318
9329
9331
9320
9333
9322
9324
9335
9326
9337
9339
9328
9341
9330
9343
9332
9345
9334
9336
9338
9347
9340
9349
9351
9342
9353
9344
9355
9346
9357
9348
9359
9350
9361
9352
9363
9365
9354
9367
9356
9369
9358
9371
9360
9373
9362
9375
9364
9366
9377
9368
9379
9370
9381
9372
9383
9374
9385
9376
9387
9378
9389
9380
9391
9382
9393
9384
9395
9386
9397
9388
9399
9390
9401
9392
9403
9394
9405
9396
9407
9398
9409
9400
9411
9402
9413
9404
9415
9406
9417
9408
9419
9410
9421
9412
9423
9425
9414
9427
9416
9429
9418
9431
9420
9433
9422
9435
9424
9437
9426
9439
9441
9428
9443
9430
9445
9432
9447
9434
9449
9436
9451
9438
9453
9440
9455
9442
9457
9444
9459
9446
9461
9448
9463
9450
9465
9452
9467
9454
9469
9456
9471
9458
9473
9460
9475
9462
9477
9464
9479
9466
9481
9468
9483
9470
9485
9472
9487
9474
9489
9476
9491
9478
9493
9480
9495
9482
9497
9484
9499
9486
9501
9488
9503
9490
9505
9492
9507
9494
9509
9496
9511
9498
9513
9515
9517
9500
9519
9502
9521
9504
9523
9506
9525
9508
9527
9510
9529
9512
9531
9533
9514
9535
9516
9537
9518
9539
9520
9541
9522
9543
9524
9545
9526
9547
9528
9549
9530
9551
9532
9553
9534
9555
9536
9557
9538
9559
9540
9561
9542
9563
9544
9565
9546
9567
9548
9569
9550
9571
9552
9573
9554
9575
9556
9577
9558
9579
9560
9581
9562
9583
9564
9585
9566
9587
9568
9589
9570
9591
9572
9593
9574
9595
9576
9578
9597
9580
9599
9582
9601
9584
9603
9586
9605
9588
9607
9590
9609
9592
9611
9594
9613
9596
9615
9617
9598
9619
9600
9621
9602
9623
9604
9625
9606
9627
9608
9629
9610
9631
9612
9633
9614
9635
9616
9637
9618
9639
9620
9641
9622
9643
9624
9645
9626
9647
9628
9649
9630
9651
9632
9653
9634
9655
9636
9657
9638
9659
9640
9661
9642
9663
9644
9665
9646
9667
9648
9669
9650
9671
9652
9673
9654
9675
9656
9677
9658
9679
9660
9681
9662
9683
9685
9664
9687
9666
9689
9691
9668
9693
9670
9695
9672
9697
9674
9699
9676
9701
9678
9703
9680
9705
9682
9707
9709
9684
9711
9686
9713
9688
9715
9690
9717
9692
9719
9694
9721
9696
9723
9698
9725
9700
9727
9702
9729
9704
9731
9706
9733
9708
9735
9710
9737
9712
9739
9714
9741
9716
9718
9720
9722
9724
9726
9728
9730
9732
9743
9734
9745
9747
9736
9749
9738
9751
9740
9753
9742
9755
9744
9757
9746
9759
9748
9761
9750
9763
9752
9765
9754
9767
9756
9769
9758
9771
9760
9773
9762
9775
9764
9777
9766
9779
9768
9781
9770
9772
9774
9783
9776
9785
9778
9787
9780
9789
9782
9791
9784
9793
9786
9795
9788
9790
9792
9797
9794
9799
9796
9801
9798
9803
9800
9805
9802
9807
9804
9809
9806
9811
9808
9813
9810
9815
9812
9817
9814
9819
9816
9821
9818
9823
9820
9825
9822
9827
9824
9829
9826
9831
9828
9833
9830
9832
9835
9834
9837
9836
9839
9838
9841
9840
9843
9842
9845
9844
9847
9846
9849
9848
9851
9850
9853
9852
9855
9854
9857
9856
9859
9858
9861
9860
9863
9862
9865
9864
9867
9866
9869
9868
9871
9870
9873
9872
9875
9874
9877
9876
9879
9878
9881
9880
9883
9882
9885
9884
9887
9886
9889
9888
9891
9890
9893
9892
9895
9894
9897
9896
9899
9898
9901
9900
9903
9902
9905
9904
9907
9906
9909
9908
9911
9910
9913
9912
9915
9914
9917
9916
9918
9919
9920
9921
9922
9923
9924
9925
9926
9927
9928
9929
9930
9931
9932
9933
9934
9935
9936
9937
9938
9939
9940
9941
9942
9943
9944
9945
9946
9947
9948
9949
9950
9951
9952
9953
9954
9955
9956
9957
9958
9959
9960
9961
9962
9963
9964
9965
9966
9967
9968
9969
9970
9971
9973
9975
9977
9979
9981
9983
9985
9987
9989
9991
9993
9995
9997
9999
9972
9974
9976
9978
9980
9982
9984
9986
9988
9990
9992
9994
9996
9998
